Build started 16/07/2019 11:23:50.
     1>Project "C:\Users\Public\UIAF_Test\C++\RasterToolkit\SWIG\Wrap\Wrap\Wrap.vcxproj" on node 2 (Build target(s)).
     1>PreBuildEvent:
         swig.exe -c++ -python -o C:\Users\Public\UIAF_Test\C++\RasterToolkit\SWIG\Wrap\Wrap\RasterToolkit_wrap.cxx C:\Users\Public\UIAF_Test\C++\RasterToolkit\SWIG\Wrap\Wrap\RasterToolkit.i
         :VCEnd
       ClCompile:
         C:\Program Files (x86)\Microsoft Visual Studio 12.0\VC\bin\x86_amd64\CL.exe /c /IC:\Anaconda\include /Zi /nologo /W3 /WX- /sdl /O2 /Oi /GL /D WIN32 /D NDEBUG /D _WINDOWS /D _USRDLL /D WRAP_EXPORTS /D _WINDLL /D _UNICODE /D UNICODE /Gm- /EHsc /MD /GS /Gy /fp:precise /Zc:wchar_t /Zc:forScope /Fo"x64\Release\\" /Fd"x64\Release\vc120.pdb" /Gd /TP /errorReport:prompt RasterToolkit.cpp
         RasterToolkit.cpp
     1>RasterToolkit.cpp(133): warning C4244: '=' : conversion from 'double' to 'int', possible loss of data
     1>RasterToolkit.cpp(741): warning C4244: 'initializing' : conversion from 'double' to 'int', possible loss of data
     1>RasterToolkit.cpp(742): warning C4244: 'initializing' : conversion from 'double' to 'int', possible loss of data
     1>RasterToolkit.cpp(743): warning C4244: 'initializing' : conversion from 'double' to 'int', possible loss of data
       Link:
         C:\Program Files (x86)\Microsoft Visual Studio 12.0\VC\bin\x86_amd64\link.exe /ERRORREPORT:PROMPT /OUT:"C:\Users\Public\UIAF_Test\C++\RasterToolkit\SWIG\Wrap\x64\Release\Wrap.dll" /INCREMENTAL:NO /NOLOGO /LIBPATH:C:\Anaconda\libs kernel32.lib user32.lib gdi32.lib winspool.lib comdlg32.lib advapi32.lib shell32.lib ole32.lib oleaut32.lib uuid.lib odbc32.lib odbccp32.lib /MANIFEST /MANIFESTUAC:"level='asInvoker' uiAccess='false'" /manifest:embed /DEBUG /PDB:"C:\Users\Public\UIAF_Test\C++\RasterToolkit\SWIG\Wrap\x64\Release\Wrap.pdb" /SUBSYSTEM:WINDOWS /OPT:REF /OPT:ICF /LTCG /TLBID:1 /DYNAMICBASE /NXCOMPAT /IMPLIB:"C:\Users\Public\UIAF_Test\C++\RasterToolkit\SWIG\Wrap\x64\Release\Wrap.lib" /MACHINE:X64 /DLL x64\Release\CSVToolkit.obj
         x64\Release\DRaster.obj
         x64\Release\IRaster.obj
         x64\Release\RasterToolkit.obj
         Generating code
         Finished generating code
         Wrap.vcxproj -> C:\Users\Public\UIAF_Test\C++\RasterToolkit\SWIG\Wrap\x64\Release\Wrap.dll
     1>Done Building Project "C:\Users\Public\UIAF_Test\C++\RasterToolkit\SWIG\Wrap\Wrap\Wrap.vcxproj" (Build target(s)).

Build succeeded.

Time Elapsed 00:00:08.42
