Build started 20/06/2019 16:16:28.
     1>Project "C:\Users\Public\UIAF_Test\C++\MUS_Models\Cellular\DevZones\DZ_SWIG\BuildPYD\BuildPYD\BuildPYD.vcxproj" on node 2 (Build target(s)).
     1>ClCompile:
         C:\Program Files (x86)\Microsoft Visual Studio 12.0\VC\bin\x86_amd64\CL.exe /c /IC:\Anaconda\include /Zi /nologo /W3 /WX- /sdl /O2 /Oi /GL /D WIN64 /D WIN32 /D NDEBUG /D _WINDOWS /D _USRDLL /D BUILDPYD_EXPORTS /D _WINDLL /D _UNICODE /D UNICODE /Gm- /EHsc /MD /GS /Gy /fp:precise /Zc:wchar_t /Zc:forScope /Fo"x64\Release\\" /Fd"x64\Release\vc120.pdb" /Gd /TP /errorReport:prompt CSVToolkit.cpp DevZones.cpp DevZones_wrap.cxx DRaster.cpp IRaster.cpp
         CSVToolkit.cpp
         DevZones.cpp
         DevZones_wrap.cxx
     1>c:\anaconda\include\pymath.h(22): warning C4273: 'round' : inconsistent dll linkage
                 C:\Program Files (x86)\Microsoft Visual Studio 12.0\VC\include\math.h(516) : see previous definition of 'round'
     1>C:\Program Files (x86)\Microsoft Visual Studio 12.0\VC\include\xtgmath.h(206): warning C4273: 'round' : inconsistent dll linkage
                 C:\Program Files (x86)\Microsoft Visual Studio 12.0\VC\include\math.h(516) : see previous definition of 'round'
         DRaster.cpp
         IRaster.cpp
     1>C:\Program Files (x86)\MSBuild\Microsoft.Cpp\v4.0\V120\Microsoft.CppBuild.targets(1186,5): warning MSB8012: TargetPath(C:\Users\Public\UIAF_Test\C++\MUS_Models\Cellular\DevZones\DZ_SWIG\BuildPYD\x64\Release\BuildPYD.dll) does not match the Linker's OutputFile property value (C:\Users\Public\UIAF_Test\C++\MUS_Models\Cellular\DevZones\DZ_SWIG\BuildPYD\x64\Release\_DevZones.pyd). This may cause your project to build incorrectly. To correct this, please make sure that $(OutDir), $(TargetName) and $(TargetExt) property values match the value specified in %(Link.OutputFile).
     1>C:\Program Files (x86)\MSBuild\Microsoft.Cpp\v4.0\V120\Microsoft.CppBuild.targets(1187,5): warning MSB8012: TargetExt(.dll) does not match the Linker's OutputFile property value (.pyd). This may cause your project to build incorrectly. To correct this, please make sure that $(OutDir), $(TargetName) and $(TargetExt) property values match the value specified in %(Link.OutputFile).
     1>C:\Program Files (x86)\MSBuild\Microsoft.Cpp\v4.0\V120\Microsoft.CppBuild.targets(1188,5): warning MSB8012: TargetName(BuildPYD) does not match the Linker's OutputFile property value (_DevZones). This may cause your project to build incorrectly. To correct this, please make sure that $(OutDir), $(TargetName) and $(TargetExt) property values match the value specified in %(Link.OutputFile).
       Link:
         C:\Program Files (x86)\Microsoft Visual Studio 12.0\VC\bin\x86_amd64\link.exe /ERRORREPORT:PROMPT /OUT:"C:\Users\Public\UIAF_Test\C++\MUS_Models\Cellular\DevZones\DZ_SWIG\BuildPYD\x64\Release\_DevZones.pyd" /INCREMENTAL:NO /NOLOGO /LIBPATH:C:\Anaconda\libs kernel32.lib user32.lib gdi32.lib winspool.lib comdlg32.lib advapi32.lib shell32.lib ole32.lib oleaut32.lib uuid.lib odbc32.lib odbccp32.lib /MANIFEST /MANIFESTUAC:"level='asInvoker' uiAccess='false'" /manifest:embed /DEBUG /PDB:"C:\Users\Public\UIAF_Test\C++\MUS_Models\Cellular\DevZones\DZ_SWIG\BuildPYD\x64\Release\BuildPYD.pdb" /SUBSYSTEM:WINDOWS /OPT:REF /OPT:ICF /LTCG /TLBID:1 /DYNAMICBASE /NXCOMPAT /IMPLIB:"C:\Users\Public\UIAF_Test\C++\MUS_Models\Cellular\DevZones\DZ_SWIG\BuildPYD\x64\Release\BuildPYD.lib" /MACHINE:X64 /DLL x64\Release\CSVToolkit.obj
         x64\Release\DevZones.obj
         x64\Release\DevZones_wrap.obj
         x64\Release\DRaster.obj
         x64\Release\IRaster.obj
            Creating library C:\Users\Public\UIAF_Test\C++\MUS_Models\Cellular\DevZones\DZ_SWIG\BuildPYD\x64\Release\BuildPYD.lib and object C:\Users\Public\UIAF_Test\C++\MUS_Models\Cellular\DevZones\DZ_SWIG\BuildPYD\x64\Release\BuildPYD.exp
         Generating code
         Finished generating code
         BuildPYD.vcxproj -> C:\Users\Public\UIAF_Test\C++\MUS_Models\Cellular\DevZones\DZ_SWIG\BuildPYD\x64\Release\BuildPYD.dll
     1>Done Building Project "C:\Users\Public\UIAF_Test\C++\MUS_Models\Cellular\DevZones\DZ_SWIG\BuildPYD\BuildPYD\BuildPYD.vcxproj" (Build target(s)).

Build succeeded.

Time Elapsed 00:00:04.75
