Build started 20/06/2019 16:15:36.
     1>Project "C:\Users\Public\UIAF_Test\C++\MUS_Models\Cellular\DevZones\DZ_SWIG\Wrap\Wrap\Wrap.vcxproj" on node 2 (Build target(s)).
     1>PreBuildEvent:
         swig.exe -c++ -python -o C:\Users\Public\UIAF_Test\C++\MUS_Models\Cellular\DevZones\DZ_SWIG\Wrap\Wrap\DevZones_wrap.cxx C:\Users\Public\UIAF_Test\C++\MUS_Models\Cellular\DevZones\DZ_SWIG\Wrap\Wrap\DevZones.i
         :VCEnd
       ClCompile:
         C:\Program Files (x86)\Microsoft Visual Studio 12.0\VC\bin\x86_amd64\CL.exe /c /IC:\Anaconda\include /Zi /nologo /W3 /WX- /sdl /O2 /Oi /GL /D WIN32 /D NDEBUG /D _WINDOWS /D _USRDLL /D WRAP_EXPORTS /D _WINDLL /D _UNICODE /D UNICODE /Gm- /EHsc /MD /GS /Gy /fp:precise /Zc:wchar_t /Zc:forScope /Fo"x64\Release\\" /Fd"x64\Release\vc120.pdb" /Gd /TP /errorReport:prompt CSVToolkit.cpp DevZones.cpp DRaster.cpp IRaster.cpp
         CSVToolkit.cpp
         DevZones.cpp
         DRaster.cpp
         IRaster.cpp
       Link:
         C:\Program Files (x86)\Microsoft Visual Studio 12.0\VC\bin\x86_amd64\link.exe /ERRORREPORT:PROMPT /OUT:"C:\Users\Public\UIAF_Test\C++\MUS_Models\Cellular\DevZones\DZ_SWIG\Wrap\x64\Release\Wrap.dll" /INCREMENTAL:NO /NOLOGO /LIBPATH:C:\Anaconda\libs kernel32.lib user32.lib gdi32.lib winspool.lib comdlg32.lib advapi32.lib shell32.lib ole32.lib oleaut32.lib uuid.lib odbc32.lib odbccp32.lib /MANIFEST /MANIFESTUAC:"level='asInvoker' uiAccess='false'" /manifest:embed /DEBUG /PDB:"C:\Users\Public\UIAF_Test\C++\MUS_Models\Cellular\DevZones\DZ_SWIG\Wrap\x64\Release\Wrap.pdb" /SUBSYSTEM:WINDOWS /OPT:REF /OPT:ICF /LTCG /TLBID:1 /DYNAMICBASE /NXCOMPAT /IMPLIB:"C:\Users\Public\UIAF_Test\C++\MUS_Models\Cellular\DevZones\DZ_SWIG\Wrap\x64\Release\Wrap.lib" /MACHINE:X64 /DLL x64\Release\CSVToolkit.obj
         x64\Release\DevZones.obj
         x64\Release\DRaster.obj
         x64\Release\IRaster.obj
         Generating code
         Finished generating code
         Wrap.vcxproj -> C:\Users\Public\UIAF_Test\C++\MUS_Models\Cellular\DevZones\DZ_SWIG\Wrap\x64\Release\Wrap.dll
     1>Done Building Project "C:\Users\Public\UIAF_Test\C++\MUS_Models\Cellular\DevZones\DZ_SWIG\Wrap\Wrap\Wrap.vcxproj" (Build target(s)).

Build succeeded.

Time Elapsed 00:00:03.78
